2022-04-11 12:03:58,122 WARN org.springframework.context.support.AbstractApplicationContext [main] Exception encountered during context initialization - cancelling refresh attempt: org.springframework.beans.factory.BeanCreationException: Error creating bean with name 'liquibase' defined in class path resource [org/springframework/boot/autoconfigure/liquibase/LiquibaseAutoConfiguration$LiquibaseConfiguration.class]: Invocation of init method failed; nested exception is liquibase.exception.ChangeLogParseException: classpath:/db/changelog/db.changelog-master.yaml does not exist
2022-04-11 12:03:58,152 ERROR org.springframework.boot.diagnostics.LoggingFailureAnalysisReporter [main] 

***************************
APPLICATION FAILED TO START
***************************

Description:

Liquibase failed to start because no changelog could be found at 'classpath:/db/changelog/db.changelog-master.yaml'.

Action:

Make sure a Liquibase changelog is present at the configured path.

2022-04-11 12:04:40,378 WARN org.springframework.context.support.AbstractApplicationContext [main] Exception encountered during context initialization - cancelling refresh attempt: org.springframework.beans.factory.BeanCreationException: Error creating bean with name 'liquibase' defined in class path resource [org/springframework/boot/autoconfigure/liquibase/LiquibaseAutoConfiguration$LiquibaseConfiguration.class]: Invocation of init method failed; nested exception is liquibase.exception.ChangeLogParseException: The file classpath:db/changelog/db.changelog-master.xml was not found in
    - file:/C:/Program%20Files/JetBrains/IntelliJ%20IDEA%202021.3.3/lib/idea_rt.jar
    - file:/C:/Users/a.miachyn/.jdks/corretto-1.8.0_322/jre/lib/charsets.jar
    - file:/C:/Users/a.miachyn/.jdks/corretto-1.8.0_322/jre/lib/ext/access-bridge-64.jar
    - file:/C:/Users/a.miachyn/.jdks/corretto-1.8.0_322/jre/lib/ext/cldrdata.jar
    - file:/C:/Users/a.miachyn/.jdks/corretto-1.8.0_322/jre/lib/ext/dnsns.jar
    - file:/C:/Users/a.miachyn/.jdks/corretto-1.8.0_322/jre/lib/ext/jaccess.jar
    - file:/C:/Users/a.miachyn/.jdks/corretto-1.8.0_322/jre/lib/ext/jfxrt.jar
    - file:/C:/Users/a.miachyn/.jdks/corretto-1.8.0_322/jre/lib/ext/localedata.jar
    - file:/C:/Users/a.miachyn/.jdks/corretto-1.8.0_322/jre/lib/ext/nashorn.jar
    - file:/C:/Users/a.miachyn/.jdks/corretto-1.8.0_322/jre/lib/ext/sunec.jar
    - file:/C:/Users/a.miachyn/.jdks/corretto-1.8.0_322/jre/lib/ext/sunjce_provider.jar
    - file:/C:/Users/a.miachyn/.jdks/corretto-1.8.0_322/jre/lib/ext/sunmscapi.jar
    - file:/C:/Users/a.miachyn/.jdks/corretto-1.8.0_322/jre/lib/ext/sunpkcs11.jar
    - file:/C:/Users/a.miachyn/.jdks/corretto-1.8.0_322/jre/lib/ext/zipfs.jar
    - file:/C:/Users/a.miachyn/.jdks/corretto-1.8.0_322/jre/lib/jce.jar
    - file:/C:/Users/a.miachyn/.jdks/corretto-1.8.0_322/jre/lib/jfr.jar
    - file:/C:/Users/a.miachyn/.jdks/corretto-1.8.0_322/jre/lib/jfxswt.jar
    - file:/C:/Users/a.miachyn/.jdks/corretto-1.8.0_322/jre/lib/jsse.jar
    - file:/C:/Users/a.miachyn/.jdks/corretto-1.8.0_322/jre/lib/management-agent.jar
    - file:/C:/Users/a.miachyn/.jdks/corretto-1.8.0_322/jre/lib/resources.jar
    - file:/C:/Users/a.miachyn/.jdks/corretto-1.8.0_322/jre/lib/rt.jar
    - file:/C:/Users/a.miachyn/.m2/repository/antlr/antlr/2.7.7/antlr-2.7.7.jar
    - file:/C:/Users/a.miachyn/.m2/repository/ch/qos/logback/logback-classic/1.2.11/logback-classic-1.2.11.jar
    - file:/C:/Users/a.miachyn/.m2/repository/ch/qos/logback/logback-core/1.2.11/logback-core-1.2.11.jar
    - file:/C:/Users/a.miachyn/.m2/repository/com/fasterxml/classmate/1.5.1/classmate-1.5.1.jar
    - file:/C:/Users/a.miachyn/.m2/repository/com/fasterxml/jackson/core/jackson-annotations/2.13.2/jackson-annotations-2.13.2.jar
    - file:/C:/Users/a.miachyn/.m2/repository/com/fasterxml/jackson/core/jackson-core/2.13.2/jackson-core-2.13.2.jar
    - file:/C:/Users/a.miachyn/.m2/repository/com/fasterxml/jackson/core/jackson-databind/2.13.2.2/jackson-databind-2.13.2.2.jar
    - file:/C:/Users/a.miachyn/.m2/repository/com/fasterxml/jackson/dataformat/jackson-dataformat-yaml/2.13.2/jackson-dataformat-yaml-2.13.2.jar
    - file:/C:/Users/a.miachyn/.m2/repository/com/fasterxml/jackson/datatype/jackson-datatype-jdk8/2.13.2/jackson-datatype-jdk8-2.13.2.jar
    - file:/C:/Users/a.miachyn/.m2/repository/com/fasterxml/jackson/datatype/jackson-datatype-jsr310/2.13.2/jackson-datatype-jsr310-2.13.2.jar
    - file:/C:/Users/a.miachyn/.m2/repository/com/fasterxml/jackson/module/jackson-module-parameter-names/2.13.2/jackson-module-parameter-names-2.13.2.jar
    - file:/C:/Users/a.miachyn/.m2/repository/com/jayway/jsonpath/json-path/2.4.0/json-path-2.4.0.jar
    - file:/C:/Users/a.miachyn/.m2/repository/com/sun/activation/jakarta.activation/1.2.2/jakarta.activation-1.2.2.jar
    - file:/C:/Users/a.miachyn/.m2/repository/com/sun/istack/istack-commons-runtime/3.0.12/istack-commons-runtime-3.0.12.jar
    - file:/C:/Users/a.miachyn/.m2/repository/com/zaxxer/HikariCP/4.0.3/HikariCP-4.0.3.jar
    - file:/C:/Users/a.miachyn/.m2/repository/io/github/classgraph/classgraph/4.8.138/classgraph-4.8.138.jar
    - file:/C:/Users/a.miachyn/.m2/repository/io/micrometer/micrometer-core/1.8.4/micrometer-core-1.8.4.jar
    - file:/C:/Users/a.miachyn/.m2/repository/io/swagger/core/v3/swagger-annotations/2.1.12/swagger-annotations-2.1.12.jar
    - file:/C:/Users/a.miachyn/.m2/repository/io/swagger/core/v3/swagger-core/2.1.12/swagger-core-2.1.12.jar
    - file:/C:/Users/a.miachyn/.m2/repository/io/swagger/core/v3/swagger-models/2.1.12/swagger-models-2.1.12.jar
    - file:/C:/Users/a.miachyn/.m2/repository/jakarta/activation/jakarta.activation-api/1.2.2/jakarta.activation-api-1.2.2.jar
    - file:/C:/Users/a.miachyn/.m2/repository/jakarta/annotation/jakarta.annotation-api/1.3.5/jakarta.annotation-api-1.3.5.jar
    - file:/C:/Users/a.miachyn/.m2/repository/jakarta/persistence/jakarta.persistence-api/2.2.3/jakarta.persistence-api-2.2.3.jar
    - file:/C:/Users/a.miachyn/.m2/repository/jakarta/transaction/jakarta.transaction-api/1.3.3/jakarta.transaction-api-1.3.3.jar
    - file:/C:/Users/a.miachyn/.m2/repository/jakarta/validation/jakarta.validation-api/2.0.2/jakarta.validation-api-2.0.2.jar
    - file:/C:/Users/a.miachyn/.m2/repository/jakarta/xml/bind/jakarta.xml.bind-api/2.3.3/jakarta.xml.bind-api-2.3.3.jar
    - file:/C:/Users/a.miachyn/.m2/repository/javax/activation/javax.activation-api/1.2.0/javax.activation-api-1.2.0.jar
    - file:/C:/Users/a.miachyn/.m2/repository/javax/xml/bind/jaxb-api/2.3.1/jaxb-api-2.3.1.jar
    - file:/C:/Users/a.miachyn/.m2/repository/net/bytebuddy/byte-buddy/1.11.22/byte-buddy-1.11.22.jar
    - file:/C:/Users/a.miachyn/.m2/repository/net/minidev/accessors-smart/2.4.8/accessors-smart-2.4.8.jar
    - file:/C:/Users/a.miachyn/.m2/repository/net/minidev/json-smart/2.4.8/json-smart-2.4.8.jar
    - file:/C:/Users/a.miachyn/.m2/repository/org/apache/commons/commons-lang3/3.12.0/commons-lang3-3.12.0.jar
    - file:/C:/Users/a.miachyn/.m2/repository/org/apache/logging/log4j/log4j-api/2.17.2/log4j-api-2.17.2.jar
    - file:/C:/Users/a.miachyn/.m2/repository/org/apache/logging/log4j/log4j-to-slf4j/2.17.2/log4j-to-slf4j-2.17.2.jar
    - file:/C:/Users/a.miachyn/.m2/repository/org/apache/tomcat/embed/tomcat-embed-core/9.0.60/tomcat-embed-core-9.0.60.jar
    - file:/C:/Users/a.miachyn/.m2/repository/org/apache/tomcat/embed/tomcat-embed-el/9.0.60/tomcat-embed-el-9.0.60.jar
    - file:/C:/Users/a.miachyn/.m2/repository/org/apache/tomcat/embed/tomcat-embed-websocket/9.0.60/tomcat-embed-websocket-9.0.60.jar
    - file:/C:/Users/a.miachyn/.m2/repository/org/aspectj/aspectjweaver/1.9.7/aspectjweaver-1.9.7.jar
    - file:/C:/Users/a.miachyn/.m2/repository/org/checkerframework/checker-qual/3.5.0/checker-qual-3.5.0.jar
    - file:/C:/Users/a.miachyn/.m2/repository/org/glassfish/jaxb/jaxb-runtime/2.3.6/jaxb-runtime-2.3.6.jar
    - file:/C:/Users/a.miachyn/.m2/repository/org/glassfish/jaxb/txw2/2.3.6/txw2-2.3.6.jar
    - file:/C:/Users/a.miachyn/.m2/repository/org/hdrhistogram/HdrHistogram/2.1.12/HdrHistogram-2.1.12.jar
    - file:/C:/Users/a.miachyn/.m2/repository/org/hibernate/common/hibernate-commons-annotations/5.1.2.Final/hibernate-commons-annotations-5.1.2.Final.jar
    - file:/C:/Users/a.miachyn/.m2/repository/org/hibernate/hibernate-core/5.6.7.Final/hibernate-core-5.6.7.Final.jar
    - file:/C:/Users/a.miachyn/.m2/repository/org/hibernate/validator/hibernate-validator/6.2.3.Final/hibernate-validator-6.2.3.Final.jar
    - file:/C:/Users/a.miachyn/.m2/repository/org/jboss/jandex/2.4.2.Final/jandex-2.4.2.Final.jar
    - file:/C:/Users/a.miachyn/.m2/repository/org/jboss/logging/jboss-logging/3.4.3.Final/jboss-logging-3.4.3.Final.jar
    - file:/C:/Users/a.miachyn/.m2/repository/org/latencyutils/LatencyUtils/2.0.3/LatencyUtils-2.0.3.jar
    - file:/C:/Users/a.miachyn/.m2/repository/org/liquibase/liquibase-core/4.5.0/liquibase-core-4.5.0.jar
    - file:/C:/Users/a.miachyn/.m2/repository/org/modelmapper/modelmapper/3.1.0/modelmapper-3.1.0.jar
    - file:/C:/Users/a.miachyn/.m2/repository/org/ow2/asm/asm/9.1/asm-9.1.jar
    - file:/C:/Users/a.miachyn/.m2/repository/org/postgresql/postgresql/42.3.3/postgresql-42.3.3.jar
    - file:/C:/Users/a.miachyn/.m2/repository/org/projectlombok/lombok/1.18.22/lombok-1.18.22.jar
    - file:/C:/Users/a.miachyn/.m2/repository/org/slf4j/jul-to-slf4j/1.7.36/jul-to-slf4j-1.7.36.jar
    - file:/C:/Users/a.miachyn/.m2/repository/org/slf4j/slf4j-api/1.7.36/slf4j-api-1.7.36.jar
    - file:/C:/Users/a.miachyn/.m2/repository/org/springdoc/springdoc-openapi-common/1.6.6/springdoc-openapi-common-1.6.6.jar
    - file:/C:/Users/a.miachyn/.m2/repository/org/springdoc/springdoc-openapi-ui/1.6.6/springdoc-openapi-ui-1.6.6.jar
    - file:/C:/Users/a.miachyn/.m2/repository/org/springdoc/springdoc-openapi-webmvc-core/1.6.6/springdoc-openapi-webmvc-core-1.6.6.jar
    - file:/C:/Users/a.miachyn/.m2/repository/org/springframework/boot/spring-boot-actuator-autoconfigure/2.6.6/spring-boot-actuator-autoconfigure-2.6.6.jar
    - file:/C:/Users/a.miachyn/.m2/repository/org/springframework/boot/spring-boot-actuator/2.6.6/spring-boot-actuator-2.6.6.jar
    - file:/C:/Users/a.miachyn/.m2/repository/org/springframework/boot/spring-boot-autoconfigure/2.6.6/spring-boot-autoconfigure-2.6.6.jar
    - file:/C:/Users/a.miachyn/.m2/repository/org/springframework/boot/spring-boot-starter-actuator/2.6.6/spring-boot-starter-actuator-2.6.6.jar
    - file:/C:/Users/a.miachyn/.m2/repository/org/springframework/boot/spring-boot-starter-aop/2.6.6/spring-boot-starter-aop-2.6.6.jar
    - file:/C:/Users/a.miachyn/.m2/repository/org/springframework/boot/spring-boot-starter-data-jpa/2.6.6/spring-boot-starter-data-jpa-2.6.6.jar
    - file:/C:/Users/a.miachyn/.m2/repository/org/springframework/boot/spring-boot-starter-jdbc/2.6.6/spring-boot-starter-jdbc-2.6.6.jar
    - file:/C:/Users/a.miachyn/.m2/repository/org/springframework/boot/spring-boot-starter-json/2.6.6/spring-boot-starter-json-2.6.6.jar
    - file:/C:/Users/a.miachyn/.m2/repository/org/springframework/boot/spring-boot-starter-logging/2.6.6/spring-boot-starter-logging-2.6.6.jar
    - file:/C:/Users/a.miachyn/.m2/repository/org/springframework/boot/spring-boot-starter-tomcat/2.6.6/spring-boot-starter-tomcat-2.6.6.jar
    - file:/C:/Users/a.miachyn/.m2/repository/org/springframework/boot/spring-boot-starter-validation/2.6.6/spring-boot-starter-validation-2.6.6.jar
    - file:/C:/Users/a.miachyn/.m2/repository/org/springframework/boot/spring-boot-starter-web/2.6.6/spring-boot-starter-web-2.6.6.jar
    - file:/C:/Users/a.miachyn/.m2/repository/org/springframework/boot/spring-boot-starter/2.6.6/spring-boot-starter-2.6.6.jar
    - file:/C:/Users/a.miachyn/.m2/repository/org/springframework/boot/spring-boot/2.6.6/spring-boot-2.6.6.jar
    - file:/C:/Users/a.miachyn/.m2/repository/org/springframework/data/spring-data-commons/2.6.3/spring-data-commons-2.6.3.jar
    - file:/C:/Users/a.miachyn/.m2/repository/org/springframework/data/spring-data-jpa/2.6.3/spring-data-jpa-2.6.3.jar
    - file:/C:/Users/a.miachyn/.m2/repository/org/springframework/spring-aop/5.3.18/spring-aop-5.3.18.jar
    - file:/C:/Users/a.miachyn/.m2/repository/org/springframework/spring-aspects/5.3.18/spring-aspects-5.3.18.jar
    - file:/C:/Users/a.miachyn/.m2/repository/org/springframework/spring-beans/5.3.18/spring-beans-5.3.18.jar
    - file:/C:/Users/a.miachyn/.m2/repository/org/springframework/spring-context/5.3.18/spring-context-5.3.18.jar
    - file:/C:/Users/a.miachyn/.m2/repository/org/springframework/spring-core/5.3.18/spring-core-5.3.18.jar
    - file:/C:/Users/a.miachyn/.m2/repository/org/springframework/spring-expression/5.3.18/spring-expression-5.3.18.jar
    - file:/C:/Users/a.miachyn/.m2/repository/org/springframework/spring-jcl/5.3.18/spring-jcl-5.3.18.jar
    - file:/C:/Users/a.miachyn/.m2/repository/org/springframework/spring-jdbc/5.3.18/spring-jdbc-5.3.18.jar
    - file:/C:/Users/a.miachyn/.m2/repository/org/springframework/spring-orm/5.3.18/spring-orm-5.3.18.jar
    - file:/C:/Users/a.miachyn/.m2/repository/org/springframework/spring-tx/5.3.18/spring-tx-5.3.18.jar
    - file:/C:/Users/a.miachyn/.m2/repository/org/springframework/spring-web/5.3.18/spring-web-5.3.18.jar
    - file:/C:/Users/a.miachyn/.m2/repository/org/springframework/spring-webmvc/5.3.18/spring-webmvc-5.3.18.jar
    - file:/C:/Users/a.miachyn/.m2/repository/org/webjars/swagger-ui/4.5.0/swagger-ui-4.5.0.jar
    - file:/C:/Users/a.miachyn/.m2/repository/org/webjars/webjars-locator-core/0.48/webjars-locator-core-0.48.jar
    - file:/C:/Users/a.miachyn/.m2/repository/org/yaml/snakeyaml/1.29/snakeyaml-1.29.jar
    - file:/C:/Users/a.miachyn/IdeaProjects/employment-service/employee-service/target/classes/
Specifying files by absolute path was removed in Liquibase 4.0. Please use a relative path or add '/' to the classpath parameter.
2022-04-11 12:04:40,398 ERROR org.springframework.boot.SpringApplication [main] Application run failed
org.springframework.beans.factory.BeanCreationException: Error creating bean with name 'liquibase' defined in class path resource [org/springframework/boot/autoconfigure/liquibase/LiquibaseAutoConfiguration$LiquibaseConfiguration.class]: Invocation of init method failed; nested exception is liquibase.exception.ChangeLogParseException: The file classpath:db/changelog/db.changelog-master.xml was not found in
    - file:/C:/Program%20Files/JetBrains/IntelliJ%20IDEA%202021.3.3/lib/idea_rt.jar
    - file:/C:/Users/a.miachyn/.jdks/corretto-1.8.0_322/jre/lib/charsets.jar
    - file:/C:/Users/a.miachyn/.jdks/corretto-1.8.0_322/jre/lib/ext/access-bridge-64.jar
    - file:/C:/Users/a.miachyn/.jdks/corretto-1.8.0_322/jre/lib/ext/cldrdata.jar
    - file:/C:/Users/a.miachyn/.jdks/corretto-1.8.0_322/jre/lib/ext/dnsns.jar
    - file:/C:/Users/a.miachyn/.jdks/corretto-1.8.0_322/jre/lib/ext/jaccess.jar
    - file:/C:/Users/a.miachyn/.jdks/corretto-1.8.0_322/jre/lib/ext/jfxrt.jar
    - file:/C:/Users/a.miachyn/.jdks/corretto-1.8.0_322/jre/lib/ext/localedata.jar
    - file:/C:/Users/a.miachyn/.jdks/corretto-1.8.0_322/jre/lib/ext/nashorn.jar
    - file:/C:/Users/a.miachyn/.jdks/corretto-1.8.0_322/jre/lib/ext/sunec.jar
    - file:/C:/Users/a.miachyn/.jdks/corretto-1.8.0_322/jre/lib/ext/sunjce_provider.jar
    - file:/C:/Users/a.miachyn/.jdks/corretto-1.8.0_322/jre/lib/ext/sunmscapi.jar
    - file:/C:/Users/a.miachyn/.jdks/corretto-1.8.0_322/jre/lib/ext/sunpkcs11.jar
    - file:/C:/Users/a.miachyn/.jdks/corretto-1.8.0_322/jre/lib/ext/zipfs.jar
    - file:/C:/Users/a.miachyn/.jdks/corretto-1.8.0_322/jre/lib/jce.jar
    - file:/C:/Users/a.miachyn/.jdks/corretto-1.8.0_322/jre/lib/jfr.jar
    - file:/C:/Users/a.miachyn/.jdks/corretto-1.8.0_322/jre/lib/jfxswt.jar
    - file:/C:/Users/a.miachyn/.jdks/corretto-1.8.0_322/jre/lib/jsse.jar
    - file:/C:/Users/a.miachyn/.jdks/corretto-1.8.0_322/jre/lib/management-agent.jar
    - file:/C:/Users/a.miachyn/.jdks/corretto-1.8.0_322/jre/lib/resources.jar
    - file:/C:/Users/a.miachyn/.jdks/corretto-1.8.0_322/jre/lib/rt.jar
    - file:/C:/Users/a.miachyn/.m2/repository/antlr/antlr/2.7.7/antlr-2.7.7.jar
    - file:/C:/Users/a.miachyn/.m2/repository/ch/qos/logback/logback-classic/1.2.11/logback-classic-1.2.11.jar
    - file:/C:/Users/a.miachyn/.m2/repository/ch/qos/logback/logback-core/1.2.11/logback-core-1.2.11.jar
    - file:/C:/Users/a.miachyn/.m2/repository/com/fasterxml/classmate/1.5.1/classmate-1.5.1.jar
    - file:/C:/Users/a.miachyn/.m2/repository/com/fasterxml/jackson/core/jackson-annotations/2.13.2/jackson-annotations-2.13.2.jar
    - file:/C:/Users/a.miachyn/.m2/repository/com/fasterxml/jackson/core/jackson-core/2.13.2/jackson-core-2.13.2.jar
    - file:/C:/Users/a.miachyn/.m2/repository/com/fasterxml/jackson/core/jackson-databind/2.13.2.2/jackson-databind-2.13.2.2.jar
    - file:/C:/Users/a.miachyn/.m2/repository/com/fasterxml/jackson/dataformat/jackson-dataformat-yaml/2.13.2/jackson-dataformat-yaml-2.13.2.jar
    - file:/C:/Users/a.miachyn/.m2/repository/com/fasterxml/jackson/datatype/jackson-datatype-jdk8/2.13.2/jackson-datatype-jdk8-2.13.2.jar
    - file:/C:/Users/a.miachyn/.m2/repository/com/fasterxml/jackson/datatype/jackson-datatype-jsr310/2.13.2/jackson-datatype-jsr310-2.13.2.jar
    - file:/C:/Users/a.miachyn/.m2/repository/com/fasterxml/jackson/module/jackson-module-parameter-names/2.13.2/jackson-module-parameter-names-2.13.2.jar
    - file:/C:/Users/a.miachyn/.m2/repository/com/jayway/jsonpath/json-path/2.4.0/json-path-2.4.0.jar
    - file:/C:/Users/a.miachyn/.m2/repository/com/sun/activation/jakarta.activation/1.2.2/jakarta.activation-1.2.2.jar
    - file:/C:/Users/a.miachyn/.m2/repository/com/sun/istack/istack-commons-runtime/3.0.12/istack-commons-runtime-3.0.12.jar
    - file:/C:/Users/a.miachyn/.m2/repository/com/zaxxer/HikariCP/4.0.3/HikariCP-4.0.3.jar
    - file:/C:/Users/a.miachyn/.m2/repository/io/github/classgraph/classgraph/4.8.138/classgraph-4.8.138.jar
    - file:/C:/Users/a.miachyn/.m2/repository/io/micrometer/micrometer-core/1.8.4/micrometer-core-1.8.4.jar
    - file:/C:/Users/a.miachyn/.m2/repository/io/swagger/core/v3/swagger-annotations/2.1.12/swagger-annotations-2.1.12.jar
    - file:/C:/Users/a.miachyn/.m2/repository/io/swagger/core/v3/swagger-core/2.1.12/swagger-core-2.1.12.jar
    - file:/C:/Users/a.miachyn/.m2/repository/io/swagger/core/v3/swagger-models/2.1.12/swagger-models-2.1.12.jar
    - file:/C:/Users/a.miachyn/.m2/repository/jakarta/activation/jakarta.activation-api/1.2.2/jakarta.activation-api-1.2.2.jar
    - file:/C:/Users/a.miachyn/.m2/repository/jakarta/annotation/jakarta.annotation-api/1.3.5/jakarta.annotation-api-1.3.5.jar
    - file:/C:/Users/a.miachyn/.m2/repository/jakarta/persistence/jakarta.persistence-api/2.2.3/jakarta.persistence-api-2.2.3.jar
    - file:/C:/Users/a.miachyn/.m2/repository/jakarta/transaction/jakarta.transaction-api/1.3.3/jakarta.transaction-api-1.3.3.jar
    - file:/C:/Users/a.miachyn/.m2/repository/jakarta/validation/jakarta.validation-api/2.0.2/jakarta.validation-api-2.0.2.jar
    - file:/C:/Users/a.miachyn/.m2/repository/jakarta/xml/bind/jakarta.xml.bind-api/2.3.3/jakarta.xml.bind-api-2.3.3.jar
    - file:/C:/Users/a.miachyn/.m2/repository/javax/activation/javax.activation-api/1.2.0/javax.activation-api-1.2.0.jar
    - file:/C:/Users/a.miachyn/.m2/repository/javax/xml/bind/jaxb-api/2.3.1/jaxb-api-2.3.1.jar
    - file:/C:/Users/a.miachyn/.m2/repository/net/bytebuddy/byte-buddy/1.11.22/byte-buddy-1.11.22.jar
    - file:/C:/Users/a.miachyn/.m2/repository/net/minidev/accessors-smart/2.4.8/accessors-smart-2.4.8.jar
    - file:/C:/Users/a.miachyn/.m2/repository/net/minidev/json-smart/2.4.8/json-smart-2.4.8.jar
    - file:/C:/Users/a.miachyn/.m2/repository/org/apache/commons/commons-lang3/3.12.0/commons-lang3-3.12.0.jar
    - file:/C:/Users/a.miachyn/.m2/repository/org/apache/logging/log4j/log4j-api/2.17.2/log4j-api-2.17.2.jar
    - file:/C:/Users/a.miachyn/.m2/repository/org/apache/logging/log4j/log4j-to-slf4j/2.17.2/log4j-to-slf4j-2.17.2.jar
    - file:/C:/Users/a.miachyn/.m2/repository/org/apache/tomcat/embed/tomcat-embed-core/9.0.60/tomcat-embed-core-9.0.60.jar
    - file:/C:/Users/a.miachyn/.m2/repository/org/apache/tomcat/embed/tomcat-embed-el/9.0.60/tomcat-embed-el-9.0.60.jar
    - file:/C:/Users/a.miachyn/.m2/repository/org/apache/tomcat/embed/tomcat-embed-websocket/9.0.60/tomcat-embed-websocket-9.0.60.jar
    - file:/C:/Users/a.miachyn/.m2/repository/org/aspectj/aspectjweaver/1.9.7/aspectjweaver-1.9.7.jar
    - file:/C:/Users/a.miachyn/.m2/repository/org/checkerframework/checker-qual/3.5.0/checker-qual-3.5.0.jar
    - file:/C:/Users/a.miachyn/.m2/repository/org/glassfish/jaxb/jaxb-runtime/2.3.6/jaxb-runtime-2.3.6.jar
    - file:/C:/Users/a.miachyn/.m2/repository/org/glassfish/jaxb/txw2/2.3.6/txw2-2.3.6.jar
    - file:/C:/Users/a.miachyn/.m2/repository/org/hdrhistogram/HdrHistogram/2.1.12/HdrHistogram-2.1.12.jar
    - file:/C:/Users/a.miachyn/.m2/repository/org/hibernate/common/hibernate-commons-annotations/5.1.2.Final/hibernate-commons-annotations-5.1.2.Final.jar
    - file:/C:/Users/a.miachyn/.m2/repository/org/hibernate/hibernate-core/5.6.7.Final/hibernate-core-5.6.7.Final.jar
    - file:/C:/Users/a.miachyn/.m2/repository/org/hibernate/validator/hibernate-validator/6.2.3.Final/hibernate-validator-6.2.3.Final.jar
    - file:/C:/Users/a.miachyn/.m2/repository/org/jboss/jandex/2.4.2.Final/jandex-2.4.2.Final.jar
    - file:/C:/Users/a.miachyn/.m2/repository/org/jboss/logging/jboss-logging/3.4.3.Final/jboss-logging-3.4.3.Final.jar
    - file:/C:/Users/a.miachyn/.m2/repository/org/latencyutils/LatencyUtils/2.0.3/LatencyUtils-2.0.3.jar
    - file:/C:/Users/a.miachyn/.m2/repository/org/liquibase/liquibase-core/4.5.0/liquibase-core-4.5.0.jar
    - file:/C:/Users/a.miachyn/.m2/repository/org/modelmapper/modelmapper/3.1.0/modelmapper-3.1.0.jar
    - file:/C:/Users/a.miachyn/.m2/repository/org/ow2/asm/asm/9.1/asm-9.1.jar
    - file:/C:/Users/a.miachyn/.m2/repository/org/postgresql/postgresql/42.3.3/postgresql-42.3.3.jar
    - file:/C:/Users/a.miachyn/.m2/repository/org/projectlombok/lombok/1.18.22/lombok-1.18.22.jar
    - file:/C:/Users/a.miachyn/.m2/repository/org/slf4j/jul-to-slf4j/1.7.36/jul-to-slf4j-1.7.36.jar
    - file:/C:/Users/a.miachyn/.m2/repository/org/slf4j/slf4j-api/1.7.36/slf4j-api-1.7.36.jar
    - file:/C:/Users/a.miachyn/.m2/repository/org/springdoc/springdoc-openapi-common/1.6.6/springdoc-openapi-common-1.6.6.jar
    - file:/C:/Users/a.miachyn/.m2/repository/org/springdoc/springdoc-openapi-ui/1.6.6/springdoc-openapi-ui-1.6.6.jar
    - file:/C:/Users/a.miachyn/.m2/repository/org/springdoc/springdoc-openapi-webmvc-core/1.6.6/springdoc-openapi-webmvc-core-1.6.6.jar
    - file:/C:/Users/a.miachyn/.m2/repository/org/springframework/boot/spring-boot-actuator-autoconfigure/2.6.6/spring-boot-actuator-autoconfigure-2.6.6.jar
    - file:/C:/Users/a.miachyn/.m2/repository/org/springframework/boot/spring-boot-actuator/2.6.6/spring-boot-actuator-2.6.6.jar
    - file:/C:/Users/a.miachyn/.m2/repository/org/springframework/boot/spring-boot-autoconfigure/2.6.6/spring-boot-autoconfigure-2.6.6.jar
    - file:/C:/Users/a.miachyn/.m2/repository/org/springframework/boot/spring-boot-starter-actuator/2.6.6/spring-boot-starter-actuator-2.6.6.jar
    - file:/C:/Users/a.miachyn/.m2/repository/org/springframework/boot/spring-boot-starter-aop/2.6.6/spring-boot-starter-aop-2.6.6.jar
    - file:/C:/Users/a.miachyn/.m2/repository/org/springframework/boot/spring-boot-starter-data-jpa/2.6.6/spring-boot-starter-data-jpa-2.6.6.jar
    - file:/C:/Users/a.miachyn/.m2/repository/org/springframework/boot/spring-boot-starter-jdbc/2.6.6/spring-boot-starter-jdbc-2.6.6.jar
    - file:/C:/Users/a.miachyn/.m2/repository/org/springframework/boot/spring-boot-starter-json/2.6.6/spring-boot-starter-json-2.6.6.jar
    - file:/C:/Users/a.miachyn/.m2/repository/org/springframework/boot/spring-boot-starter-logging/2.6.6/spring-boot-starter-logging-2.6.6.jar
    - file:/C:/Users/a.miachyn/.m2/repository/org/springframework/boot/spring-boot-starter-tomcat/2.6.6/spring-boot-starter-tomcat-2.6.6.jar
    - file:/C:/Users/a.miachyn/.m2/repository/org/springframework/boot/spring-boot-starter-validation/2.6.6/spring-boot-starter-validation-2.6.6.jar
    - file:/C:/Users/a.miachyn/.m2/repository/org/springframework/boot/spring-boot-starter-web/2.6.6/spring-boot-starter-web-2.6.6.jar
    - file:/C:/Users/a.miachyn/.m2/repository/org/springframework/boot/spring-boot-starter/2.6.6/spring-boot-starter-2.6.6.jar
    - file:/C:/Users/a.miachyn/.m2/repository/org/springframework/boot/spring-boot/2.6.6/spring-boot-2.6.6.jar
    - file:/C:/Users/a.miachyn/.m2/repository/org/springframework/data/spring-data-commons/2.6.3/spring-data-commons-2.6.3.jar
    - file:/C:/Users/a.miachyn/.m2/repository/org/springframework/data/spring-data-jpa/2.6.3/spring-data-jpa-2.6.3.jar
    - file:/C:/Users/a.miachyn/.m2/repository/org/springframework/spring-aop/5.3.18/spring-aop-5.3.18.jar
    - file:/C:/Users/a.miachyn/.m2/repository/org/springframework/spring-aspects/5.3.18/spring-aspects-5.3.18.jar
    - file:/C:/Users/a.miachyn/.m2/repository/org/springframework/spring-beans/5.3.18/spring-beans-5.3.18.jar
    - file:/C:/Users/a.miachyn/.m2/repository/org/springframework/spring-context/5.3.18/spring-context-5.3.18.jar
    - file:/C:/Users/a.miachyn/.m2/repository/org/springframework/spring-core/5.3.18/spring-core-5.3.18.jar
    - file:/C:/Users/a.miachyn/.m2/repository/org/springframework/spring-expression/5.3.18/spring-expression-5.3.18.jar
    - file:/C:/Users/a.miachyn/.m2/repository/org/springframework/spring-jcl/5.3.18/spring-jcl-5.3.18.jar
    - file:/C:/Users/a.miachyn/.m2/repository/org/springframework/spring-jdbc/5.3.18/spring-jdbc-5.3.18.jar
    - file:/C:/Users/a.miachyn/.m2/repository/org/springframework/spring-orm/5.3.18/spring-orm-5.3.18.jar
    - file:/C:/Users/a.miachyn/.m2/repository/org/springframework/spring-tx/5.3.18/spring-tx-5.3.18.jar
    - file:/C:/Users/a.miachyn/.m2/repository/org/springframework/spring-web/5.3.18/spring-web-5.3.18.jar
    - file:/C:/Users/a.miachyn/.m2/repository/org/springframework/spring-webmvc/5.3.18/spring-webmvc-5.3.18.jar
    - file:/C:/Users/a.miachyn/.m2/repository/org/webjars/swagger-ui/4.5.0/swagger-ui-4.5.0.jar
    - file:/C:/Users/a.miachyn/.m2/repository/org/webjars/webjars-locator-core/0.48/webjars-locator-core-0.48.jar
    - file:/C:/Users/a.miachyn/.m2/repository/org/yaml/snakeyaml/1.29/snakeyaml-1.29.jar
    - file:/C:/Users/a.miachyn/IdeaProjects/employment-service/employee-service/target/classes/
Specifying files by absolute path was removed in Liquibase 4.0. Please use a relative path or add '/' to the classpath parameter.
	at org.springframework.beans.factory.support.AbstractAutowireCapableBeanFactory.initializeBean(AbstractAutowireCapableBeanFactory.java:1804)
	at org.springframework.beans.factory.support.AbstractAutowireCapableBeanFactory.doCreateBean(AbstractAutowireCapableBeanFactory.java:620)
	at org.springframework.beans.factory.support.AbstractAutowireCapableBeanFactory.createBean(AbstractAutowireCapableBeanFactory.java:542)
	at org.springframework.beans.factory.support.AbstractBeanFactory.lambda$doGetBean$0(AbstractBeanFactory.java:335)
	at org.springframework.beans.factory.support.DefaultSingletonBeanRegistry.getSingleton(DefaultSingletonBeanRegistry.java:234)
	at org.springframework.beans.factory.support.AbstractBeanFactory.doGetBean(AbstractBeanFactory.java:333)
	at org.springframework.beans.factory.support.AbstractBeanFactory.getBean(AbstractBeanFactory.java:208)
	at org.springframework.beans.factory.support.AbstractBeanFactory.doGetBean(AbstractBeanFactory.java:322)
	at org.springframework.beans.factory.support.AbstractBeanFactory.getBean(AbstractBeanFactory.java:208)
	at org.springframework.context.support.AbstractApplicationContext.getBean(AbstractApplicationContext.java:1154)
	at org.springframework.context.support.AbstractApplicationContext.finishBeanFactoryInitialization(AbstractApplicationContext.java:908)
	at org.springframework.context.support.AbstractApplicationContext.refresh(AbstractApplicationContext.java:583)
	at org.springframework.boot.web.servlet.context.ServletWebServerApplicationContext.refresh(ServletWebServerApplicationContext.java:145)
	at org.springframework.boot.SpringApplication.refresh(SpringApplication.java:740)
	at org.springframework.boot.SpringApplication.refreshContext(SpringApplication.java:415)
	at org.springframework.boot.SpringApplication.run(SpringApplication.java:303)
	at org.springframework.boot.SpringApplication.run(SpringApplication.java:1312)
	at org.springframework.boot.SpringApplication.run(SpringApplication.java:1301)
	at com.godeltech.mastery.employeeservice.EmployeeServiceApplication.main(EmployeeServiceApplication.java:10)
Caused by: liquibase.exception.ChangeLogParseException: The file classpath:db/changelog/db.changelog-master.xml was not found in
    - file:/C:/Program%20Files/JetBrains/IntelliJ%20IDEA%202021.3.3/lib/idea_rt.jar
    - file:/C:/Users/a.miachyn/.jdks/corretto-1.8.0_322/jre/lib/charsets.jar
    - file:/C:/Users/a.miachyn/.jdks/corretto-1.8.0_322/jre/lib/ext/access-bridge-64.jar
    - file:/C:/Users/a.miachyn/.jdks/corretto-1.8.0_322/jre/lib/ext/cldrdata.jar
    - file:/C:/Users/a.miachyn/.jdks/corretto-1.8.0_322/jre/lib/ext/dnsns.jar
    - file:/C:/Users/a.miachyn/.jdks/corretto-1.8.0_322/jre/lib/ext/jaccess.jar
    - file:/C:/Users/a.miachyn/.jdks/corretto-1.8.0_322/jre/lib/ext/jfxrt.jar
    - file:/C:/Users/a.miachyn/.jdks/corretto-1.8.0_322/jre/lib/ext/localedata.jar
    - file:/C:/Users/a.miachyn/.jdks/corretto-1.8.0_322/jre/lib/ext/nashorn.jar
    - file:/C:/Users/a.miachyn/.jdks/corretto-1.8.0_322/jre/lib/ext/sunec.jar
    - file:/C:/Users/a.miachyn/.jdks/corretto-1.8.0_322/jre/lib/ext/sunjce_provider.jar
    - file:/C:/Users/a.miachyn/.jdks/corretto-1.8.0_322/jre/lib/ext/sunmscapi.jar
    - file:/C:/Users/a.miachyn/.jdks/corretto-1.8.0_322/jre/lib/ext/sunpkcs11.jar
    - file:/C:/Users/a.miachyn/.jdks/corretto-1.8.0_322/jre/lib/ext/zipfs.jar
    - file:/C:/Users/a.miachyn/.jdks/corretto-1.8.0_322/jre/lib/jce.jar
    - file:/C:/Users/a.miachyn/.jdks/corretto-1.8.0_322/jre/lib/jfr.jar
    - file:/C:/Users/a.miachyn/.jdks/corretto-1.8.0_322/jre/lib/jfxswt.jar
    - file:/C:/Users/a.miachyn/.jdks/corretto-1.8.0_322/jre/lib/jsse.jar
    - file:/C:/Users/a.miachyn/.jdks/corretto-1.8.0_322/jre/lib/management-agent.jar
    - file:/C:/Users/a.miachyn/.jdks/corretto-1.8.0_322/jre/lib/resources.jar
    - file:/C:/Users/a.miachyn/.jdks/corretto-1.8.0_322/jre/lib/rt.jar
    - file:/C:/Users/a.miachyn/.m2/repository/antlr/antlr/2.7.7/antlr-2.7.7.jar
    - file:/C:/Users/a.miachyn/.m2/repository/ch/qos/logback/logback-classic/1.2.11/logback-classic-1.2.11.jar
    - file:/C:/Users/a.miachyn/.m2/repository/ch/qos/logback/logback-core/1.2.11/logback-core-1.2.11.jar
    - file:/C:/Users/a.miachyn/.m2/repository/com/fasterxml/classmate/1.5.1/classmate-1.5.1.jar
    - file:/C:/Users/a.miachyn/.m2/repository/com/fasterxml/jackson/core/jackson-annotations/2.13.2/jackson-annotations-2.13.2.jar
    - file:/C:/Users/a.miachyn/.m2/repository/com/fasterxml/jackson/core/jackson-core/2.13.2/jackson-core-2.13.2.jar
    - file:/C:/Users/a.miachyn/.m2/repository/com/fasterxml/jackson/core/jackson-databind/2.13.2.2/jackson-databind-2.13.2.2.jar
    - file:/C:/Users/a.miachyn/.m2/repository/com/fasterxml/jackson/dataformat/jackson-dataformat-yaml/2.13.2/jackson-dataformat-yaml-2.13.2.jar
    - file:/C:/Users/a.miachyn/.m2/repository/com/fasterxml/jackson/datatype/jackson-datatype-jdk8/2.13.2/jackson-datatype-jdk8-2.13.2.jar
    - file:/C:/Users/a.miachyn/.m2/repository/com/fasterxml/jackson/datatype/jackson-datatype-jsr310/2.13.2/jackson-datatype-jsr310-2.13.2.jar
    - file:/C:/Users/a.miachyn/.m2/repository/com/fasterxml/jackson/module/jackson-module-parameter-names/2.13.2/jackson-module-parameter-names-2.13.2.jar
    - file:/C:/Users/a.miachyn/.m2/repository/com/jayway/jsonpath/json-path/2.4.0/json-path-2.4.0.jar
    - file:/C:/Users/a.miachyn/.m2/repository/com/sun/activation/jakarta.activation/1.2.2/jakarta.activation-1.2.2.jar
    - file:/C:/Users/a.miachyn/.m2/repository/com/sun/istack/istack-commons-runtime/3.0.12/istack-commons-runtime-3.0.12.jar
    - file:/C:/Users/a.miachyn/.m2/repository/com/zaxxer/HikariCP/4.0.3/HikariCP-4.0.3.jar
    - file:/C:/Users/a.miachyn/.m2/repository/io/github/classgraph/classgraph/4.8.138/classgraph-4.8.138.jar
    - file:/C:/Users/a.miachyn/.m2/repository/io/micrometer/micrometer-core/1.8.4/micrometer-core-1.8.4.jar
    - file:/C:/Users/a.miachyn/.m2/repository/io/swagger/core/v3/swagger-annotations/2.1.12/swagger-annotations-2.1.12.jar
    - file:/C:/Users/a.miachyn/.m2/repository/io/swagger/core/v3/swagger-core/2.1.12/swagger-core-2.1.12.jar
    - file:/C:/Users/a.miachyn/.m2/repository/io/swagger/core/v3/swagger-models/2.1.12/swagger-models-2.1.12.jar
    - file:/C:/Users/a.miachyn/.m2/repository/jakarta/activation/jakarta.activation-api/1.2.2/jakarta.activation-api-1.2.2.jar
    - file:/C:/Users/a.miachyn/.m2/repository/jakarta/annotation/jakarta.annotation-api/1.3.5/jakarta.annotation-api-1.3.5.jar
    - file:/C:/Users/a.miachyn/.m2/repository/jakarta/persistence/jakarta.persistence-api/2.2.3/jakarta.persistence-api-2.2.3.jar
    - file:/C:/Users/a.miachyn/.m2/repository/jakarta/transaction/jakarta.transaction-api/1.3.3/jakarta.transaction-api-1.3.3.jar
    - file:/C:/Users/a.miachyn/.m2/repository/jakarta/validation/jakarta.validation-api/2.0.2/jakarta.validation-api-2.0.2.jar
    - file:/C:/Users/a.miachyn/.m2/repository/jakarta/xml/bind/jakarta.xml.bind-api/2.3.3/jakarta.xml.bind-api-2.3.3.jar
    - file:/C:/Users/a.miachyn/.m2/repository/javax/activation/javax.activation-api/1.2.0/javax.activation-api-1.2.0.jar
    - file:/C:/Users/a.miachyn/.m2/repository/javax/xml/bind/jaxb-api/2.3.1/jaxb-api-2.3.1.jar
    - file:/C:/Users/a.miachyn/.m2/repository/net/bytebuddy/byte-buddy/1.11.22/byte-buddy-1.11.22.jar
    - file:/C:/Users/a.miachyn/.m2/repository/net/minidev/accessors-smart/2.4.8/accessors-smart-2.4.8.jar
    - file:/C:/Users/a.miachyn/.m2/repository/net/minidev/json-smart/2.4.8/json-smart-2.4.8.jar
    - file:/C:/Users/a.miachyn/.m2/repository/org/apache/commons/commons-lang3/3.12.0/commons-lang3-3.12.0.jar
    - file:/C:/Users/a.miachyn/.m2/repository/org/apache/logging/log4j/log4j-api/2.17.2/log4j-api-2.17.2.jar
    - file:/C:/Users/a.miachyn/.m2/repository/org/apache/logging/log4j/log4j-to-slf4j/2.17.2/log4j-to-slf4j-2.17.2.jar
    - file:/C:/Users/a.miachyn/.m2/repository/org/apache/tomcat/embed/tomcat-embed-core/9.0.60/tomcat-embed-core-9.0.60.jar
    - file:/C:/Users/a.miachyn/.m2/repository/org/apache/tomcat/embed/tomcat-embed-el/9.0.60/tomcat-embed-el-9.0.60.jar
    - file:/C:/Users/a.miachyn/.m2/repository/org/apache/tomcat/embed/tomcat-embed-websocket/9.0.60/tomcat-embed-websocket-9.0.60.jar
    - file:/C:/Users/a.miachyn/.m2/repository/org/aspectj/aspectjweaver/1.9.7/aspectjweaver-1.9.7.jar
    - file:/C:/Users/a.miachyn/.m2/repository/org/checkerframework/checker-qual/3.5.0/checker-qual-3.5.0.jar
    - file:/C:/Users/a.miachyn/.m2/repository/org/glassfish/jaxb/jaxb-runtime/2.3.6/jaxb-runtime-2.3.6.jar
    - file:/C:/Users/a.miachyn/.m2/repository/org/glassfish/jaxb/txw2/2.3.6/txw2-2.3.6.jar
    - file:/C:/Users/a.miachyn/.m2/repository/org/hdrhistogram/HdrHistogram/2.1.12/HdrHistogram-2.1.12.jar
    - file:/C:/Users/a.miachyn/.m2/repository/org/hibernate/common/hibernate-commons-annotations/5.1.2.Final/hibernate-commons-annotations-5.1.2.Final.jar
    - file:/C:/Users/a.miachyn/.m2/repository/org/hibernate/hibernate-core/5.6.7.Final/hibernate-core-5.6.7.Final.jar
    - file:/C:/Users/a.miachyn/.m2/repository/org/hibernate/validator/hibernate-validator/6.2.3.Final/hibernate-validator-6.2.3.Final.jar
    - file:/C:/Users/a.miachyn/.m2/repository/org/jboss/jandex/2.4.2.Final/jandex-2.4.2.Final.jar
    - file:/C:/Users/a.miachyn/.m2/repository/org/jboss/logging/jboss-logging/3.4.3.Final/jboss-logging-3.4.3.Final.jar
    - file:/C:/Users/a.miachyn/.m2/repository/org/latencyutils/LatencyUtils/2.0.3/LatencyUtils-2.0.3.jar
    - file:/C:/Users/a.miachyn/.m2/repository/org/liquibase/liquibase-core/4.5.0/liquibase-core-4.5.0.jar
    - file:/C:/Users/a.miachyn/.m2/repository/org/modelmapper/modelmapper/3.1.0/modelmapper-3.1.0.jar
    - file:/C:/Users/a.miachyn/.m2/repository/org/ow2/asm/asm/9.1/asm-9.1.jar
    - file:/C:/Users/a.miachyn/.m2/repository/org/postgresql/postgresql/42.3.3/postgresql-42.3.3.jar
    - file:/C:/Users/a.miachyn/.m2/repository/org/projectlombok/lombok/1.18.22/lombok-1.18.22.jar
    - file:/C:/Users/a.miachyn/.m2/repository/org/slf4j/jul-to-slf4j/1.7.36/jul-to-slf4j-1.7.36.jar
    - file:/C:/Users/a.miachyn/.m2/repository/org/slf4j/slf4j-api/1.7.36/slf4j-api-1.7.36.jar
    - file:/C:/Users/a.miachyn/.m2/repository/org/springdoc/springdoc-openapi-common/1.6.6/springdoc-openapi-common-1.6.6.jar
    - file:/C:/Users/a.miachyn/.m2/repository/org/springdoc/springdoc-openapi-ui/1.6.6/springdoc-openapi-ui-1.6.6.jar
    - file:/C:/Users/a.miachyn/.m2/repository/org/springdoc/springdoc-openapi-webmvc-core/1.6.6/springdoc-openapi-webmvc-core-1.6.6.jar
    - file:/C:/Users/a.miachyn/.m2/repository/org/springframework/boot/spring-boot-actuator-autoconfigure/2.6.6/spring-boot-actuator-autoconfigure-2.6.6.jar
    - file:/C:/Users/a.miachyn/.m2/repository/org/springframework/boot/spring-boot-actuator/2.6.6/spring-boot-actuator-2.6.6.jar
    - file:/C:/Users/a.miachyn/.m2/repository/org/springframework/boot/spring-boot-autoconfigure/2.6.6/spring-boot-autoconfigure-2.6.6.jar
    - file:/C:/Users/a.miachyn/.m2/repository/org/springframework/boot/spring-boot-starter-actuator/2.6.6/spring-boot-starter-actuator-2.6.6.jar
    - file:/C:/Users/a.miachyn/.m2/repository/org/springframework/boot/spring-boot-starter-aop/2.6.6/spring-boot-starter-aop-2.6.6.jar
    - file:/C:/Users/a.miachyn/.m2/repository/org/springframework/boot/spring-boot-starter-data-jpa/2.6.6/spring-boot-starter-data-jpa-2.6.6.jar
    - file:/C:/Users/a.miachyn/.m2/repository/org/springframework/boot/spring-boot-starter-jdbc/2.6.6/spring-boot-starter-jdbc-2.6.6.jar
    - file:/C:/Users/a.miachyn/.m2/repository/org/springframework/boot/spring-boot-starter-json/2.6.6/spring-boot-starter-json-2.6.6.jar
    - file:/C:/Users/a.miachyn/.m2/repository/org/springframework/boot/spring-boot-starter-logging/2.6.6/spring-boot-starter-logging-2.6.6.jar
    - file:/C:/Users/a.miachyn/.m2/repository/org/springframework/boot/spring-boot-starter-tomcat/2.6.6/spring-boot-starter-tomcat-2.6.6.jar
    - file:/C:/Users/a.miachyn/.m2/repository/org/springframework/boot/spring-boot-starter-validation/2.6.6/spring-boot-starter-validation-2.6.6.jar
    - file:/C:/Users/a.miachyn/.m2/repository/org/springframework/boot/spring-boot-starter-web/2.6.6/spring-boot-starter-web-2.6.6.jar
    - file:/C:/Users/a.miachyn/.m2/repository/org/springframework/boot/spring-boot-starter/2.6.6/spring-boot-starter-2.6.6.jar
    - file:/C:/Users/a.miachyn/.m2/repository/org/springframework/boot/spring-boot/2.6.6/spring-boot-2.6.6.jar
    - file:/C:/Users/a.miachyn/.m2/repository/org/springframework/data/spring-data-commons/2.6.3/spring-data-commons-2.6.3.jar
    - file:/C:/Users/a.miachyn/.m2/repository/org/springframework/data/spring-data-jpa/2.6.3/spring-data-jpa-2.6.3.jar
    - file:/C:/Users/a.miachyn/.m2/repository/org/springframework/spring-aop/5.3.18/spring-aop-5.3.18.jar
    - file:/C:/Users/a.miachyn/.m2/repository/org/springframework/spring-aspects/5.3.18/spring-aspects-5.3.18.jar
    - file:/C:/Users/a.miachyn/.m2/repository/org/springframework/spring-beans/5.3.18/spring-beans-5.3.18.jar
    - file:/C:/Users/a.miachyn/.m2/repository/org/springframework/spring-context/5.3.18/spring-context-5.3.18.jar
    - file:/C:/Users/a.miachyn/.m2/repository/org/springframework/spring-core/5.3.18/spring-core-5.3.18.jar
    - file:/C:/Users/a.miachyn/.m2/repository/org/springframework/spring-expression/5.3.18/spring-expression-5.3.18.jar
    - file:/C:/Users/a.miachyn/.m2/repository/org/springframework/spring-jcl/5.3.18/spring-jcl-5.3.18.jar
    - file:/C:/Users/a.miachyn/.m2/repository/org/springframework/spring-jdbc/5.3.18/spring-jdbc-5.3.18.jar
    - file:/C:/Users/a.miachyn/.m2/repository/org/springframework/spring-orm/5.3.18/spring-orm-5.3.18.jar
    - file:/C:/Users/a.miachyn/.m2/repository/org/springframework/spring-tx/5.3.18/spring-tx-5.3.18.jar
    - file:/C:/Users/a.miachyn/.m2/repository/org/springframework/spring-web/5.3.18/spring-web-5.3.18.jar
    - file:/C:/Users/a.miachyn/.m2/repository/org/springframework/spring-webmvc/5.3.18/spring-webmvc-5.3.18.jar
    - file:/C:/Users/a.miachyn/.m2/repository/org/webjars/swagger-ui/4.5.0/swagger-ui-4.5.0.jar
    - file:/C:/Users/a.miachyn/.m2/repository/org/webjars/webjars-locator-core/0.48/webjars-locator-core-0.48.jar
    - file:/C:/Users/a.miachyn/.m2/repository/org/yaml/snakeyaml/1.29/snakeyaml-1.29.jar
    - file:/C:/Users/a.miachyn/IdeaProjects/employment-service/employee-service/target/classes/
Specifying files by absolute path was removed in Liquibase 4.0. Please use a relative path or add '/' to the classpath parameter.
	at liquibase.parser.core.xml.XMLChangeLogSAXParser.parseToNode(XMLChangeLogSAXParser.java:83)
	at liquibase.parser.core.xml.AbstractChangeLogParser.parse(AbstractChangeLogParser.java:15)
	at liquibase.Liquibase.getDatabaseChangeLog(Liquibase.java:369)
	at liquibase.Liquibase.lambda$update$1(Liquibase.java:224)
	at liquibase.Scope.lambda$child$0(Scope.java:177)
	at liquibase.Scope.child(Scope.java:186)
	at liquibase.Scope.child(Scope.java:176)
	at liquibase.Scope.child(Scope.java:155)
	at liquibase.Liquibase.runInScope(Liquibase.java:2404)
	at liquibase.Liquibase.update(Liquibase.java:211)
	at liquibase.Liquibase.update(Liquibase.java:197)
	at liquibase.integration.spring.SpringLiquibase.performUpdate(SpringLiquibase.java:314)
	at liquibase.integration.spring.SpringLiquibase.afterPropertiesSet(SpringLiquibase.java:269)
	at org.springframework.beans.factory.support.AbstractAutowireCapableBeanFactory.invokeInitMethods(AbstractAutowireCapableBeanFactory.java:1863)
	at org.springframework.beans.factory.support.AbstractAutowireCapableBeanFactory.initializeBean(AbstractAutowireCapableBeanFactory.java:1800)
	... 18 common frames omitted
2022-04-11 12:10:34,943 WARN org.springframework.boot.autoconfigure.orm.jpa.JpaBaseConfiguration$JpaWebConfiguration [main] spring.jpa.open-in-view is enabled by default. Therefore, database queries may be performed during view rendering. Explicitly configure spring.jpa.open-in-view to disable this warning
2022-04-11 12:41:05,583 WARN org.springframework.context.support.AbstractApplicationContext [main] Exception encountered during context initialization - cancelling refresh attempt: org.springframework.beans.factory.UnsatisfiedDependencyException: Error creating bean with name 'employeeController' defined in file [C:\Users\a.miachyn\IdeaProjects\employment-service\employee-service\target\classes\com\godeltech\mastery\employeeservice\controller\EmployeeController.class]: Unsatisfied dependency expressed through constructor parameter 0; nested exception is org.springframework.beans.factory.UnsatisfiedDependencyException: Error creating bean with name 'employeeServiceImpl' defined in file [C:\Users\a.miachyn\IdeaProjects\employment-service\employee-service\target\classes\com\godeltech\mastery\employeeservice\service\impl\EmployeeServiceImpl.class]: Unsatisfied dependency expressed through constructor parameter 3; nested exception is org.springframework.beans.factory.NoSuchBeanDefinitionException: No qualifying bean of type 'org.springframework.web.client.RestTemplate' available: expected at least 1 bean which qualifies as autowire candidate. Dependency annotations: {}
2022-04-11 12:41:05,615 ERROR org.springframework.boot.diagnostics.LoggingFailureAnalysisReporter [main] 

***************************
APPLICATION FAILED TO START
***************************

Description:

Parameter 3 of constructor in com.godeltech.mastery.employeeservice.service.impl.EmployeeServiceImpl required a bean of type 'org.springframework.web.client.RestTemplate' that could not be found.


Action:

Consider defining a bean of type 'org.springframework.web.client.RestTemplate' in your configuration.

2022-04-11 12:41:53,436 WARN org.springframework.boot.autoconfigure.orm.jpa.JpaBaseConfiguration$JpaWebConfiguration [main] spring.jpa.open-in-view is enabled by default. Therefore, database queries may be performed during view rendering. Explicitly configure spring.jpa.open-in-view to disable this warning
2022-04-11 12:42:10,952 ERROR org.apache.juli.logging.DirectJDKLog [http-nio-8080-exec-2] Servlet.service() for servlet [dispatcherServlet] in context with path [] threw exception [Request processing failed; nested exception is org.springframework.web.client.ResourceAccessException: I/O error on GET request for "http://localhost:8082/departments1": Connection refused: connect; nested exception is java.net.ConnectException: Connection refused: connect] with root cause
java.net.ConnectException: Connection refused: connect
	at java.net.DualStackPlainSocketImpl.connect0(Native Method)
	at java.net.DualStackPlainSocketImpl.socketConnect(DualStackPlainSocketImpl.java:79)
	at java.net.AbstractPlainSocketImpl.doConnect(AbstractPlainSocketImpl.java:350)
	at java.net.AbstractPlainSocketImpl.connectToAddress(AbstractPlainSocketImpl.java:206)
	at java.net.AbstractPlainSocketImpl.connect(AbstractPlainSocketImpl.java:188)
	at java.net.PlainSocketImpl.connect(PlainSocketImpl.java:172)
	at java.net.SocksSocketImpl.connect(SocksSocketImpl.java:392)
	at java.net.Socket.connect(Socket.java:607)
	at java.net.Socket.connect(Socket.java:556)
	at sun.net.NetworkClient.doConnect(NetworkClient.java:180)
	at sun.net.www.http.HttpClient.openServer(HttpClient.java:463)
	at sun.net.www.http.HttpClient.openServer(HttpClient.java:558)
	at sun.net.www.http.HttpClient.<init>(HttpClient.java:242)
	at sun.net.www.http.HttpClient.New(HttpClient.java:339)
	at sun.net.www.http.HttpClient.New(HttpClient.java:357)
	at sun.net.www.protocol.http.HttpURLConnection.getNewHttpClient(HttpURLConnection.java:1228)
	at sun.net.www.protocol.http.HttpURLConnection.plainConnect0(HttpURLConnection.java:1162)
	at sun.net.www.protocol.http.HttpURLConnection.plainConnect(HttpURLConnection.java:1056)
	at sun.net.www.protocol.http.HttpURLConnection.connect(HttpURLConnection.java:990)
	at org.springframework.http.client.SimpleBufferingClientHttpRequest.executeInternal(SimpleBufferingClientHttpRequest.java:76)
	at org.springframework.http.client.AbstractBufferingClientHttpRequest.executeInternal(AbstractBufferingClientHttpRequest.java:48)
	at org.springframework.http.client.AbstractClientHttpRequest.execute(AbstractClientHttpRequest.java:66)
	at org.springframework.web.client.RestTemplate.doExecute(RestTemplate.java:776)
	at org.springframework.web.client.RestTemplate.execute(RestTemplate.java:711)
	at org.springframework.web.client.RestTemplate.getForObject(RestTemplate.java:334)
	at com.godeltech.mastery.employeeservice.service.impl.EmployeeServiceImpl.lambda$getEmployees$0(EmployeeServiceImpl.java:46)
	at java.util.stream.ReferencePipeline$3$1.accept(ReferencePipeline.java:193)
	at java.util.ArrayList$ArrayListSpliterator.forEachRemaining(ArrayList.java:1384)
	at java.util.stream.AbstractPipeline.copyInto(AbstractPipeline.java:482)
	at java.util.stream.AbstractPipeline.wrapAndCopyInto(AbstractPipeline.java:472)
	at java.util.stream.ReduceOps$ReduceOp.evaluateSequential(ReduceOps.java:708)
	at java.util.stream.AbstractPipeline.evaluate(AbstractPipeline.java:234)
	at java.util.stream.ReferencePipeline.collect(ReferencePipeline.java:566)
	at com.godeltech.mastery.employeeservice.service.impl.EmployeeServiceImpl.getEmployees(EmployeeServiceImpl.java:50)
	at java.util.Optional.orElseGet(Optional.java:267)
	at com.godeltech.mastery.employeeservice.controller.EmployeeController.getEmployees(EmployeeController.java:57)
	at com.godeltech.mastery.employeeservice.controller.EmployeeController$$FastClassBySpringCGLIB$$71b1f47c.invoke(<generated>)
	at org.springframework.cglib.proxy.MethodProxy.invoke(MethodProxy.java:218)
	at org.springframework.aop.framework.CglibAopProxy$CglibMethodInvocation.invokeJoinpoint(CglibAopProxy.java:783)
	at org.springframework.aop.framework.ReflectiveMethodInvocation.proceed(ReflectiveMethodInvocation.java:163)
	at org.springframework.aop.framework.CglibAopProxy$CglibMethodInvocation.proceed(CglibAopProxy.java:753)
	at org.springframework.validation.beanvalidation.MethodValidationInterceptor.invoke(MethodValidationInterceptor.java:123)
	at org.springframework.aop.framework.ReflectiveMethodInvocation.proceed(ReflectiveMethodInvocation.java:186)
	at org.springframework.aop.framework.CglibAopProxy$CglibMethodInvocation.proceed(CglibAopProxy.java:753)
	at org.springframework.aop.framework.CglibAopProxy$DynamicAdvisedInterceptor.intercept(CglibAopProxy.java:698)
	at com.godeltech.mastery.employeeservice.controller.EmployeeController$$EnhancerBySpringCGLIB$$fbd00ddc.getEmployees(<generated>)
	at sun.reflect.NativeMethodAccessorImpl.invoke0(Native Method)
	at sun.reflect.NativeMethodAccessorImpl.invoke(NativeMethodAccessorImpl.java:62)
	at sun.reflect.DelegatingMethodAccessorImpl.invoke(DelegatingMethodAccessorImpl.java:43)
	at java.lang.reflect.Method.invoke(Method.java:498)
	at org.springframework.web.method.support.InvocableHandlerMethod.doInvoke(InvocableHandlerMethod.java:205)
	at org.springframework.web.method.support.InvocableHandlerMethod.invokeForRequest(InvocableHandlerMethod.java:150)
	at org.springframework.web.servlet.mvc.method.annotation.ServletInvocableHandlerMethod.invokeAndHandle(ServletInvocableHandlerMethod.java:117)
	at org.springframework.web.servlet.mvc.method.annotation.RequestMappingHandlerAdapter.invokeHandlerMethod(RequestMappingHandlerAdapter.java:895)
	at org.springframework.web.servlet.mvc.method.annotation.RequestMappingHandlerAdapter.handleInternal(RequestMappingHandlerAdapter.java:808)
	at org.springframework.web.servlet.mvc.method.AbstractHandlerMethodAdapter.handle(AbstractHandlerMethodAdapter.java:87)
	at org.springframework.web.servlet.DispatcherServlet.doDispatch(DispatcherServlet.java:1067)
	at org.springframework.web.servlet.DispatcherServlet.doService(DispatcherServlet.java:963)
	at org.springframework.web.servlet.FrameworkServlet.processRequest(FrameworkServlet.java:1006)
	at org.springframework.web.servlet.FrameworkServlet.doGet(FrameworkServlet.java:898)
	at javax.servlet.http.HttpServlet.service(HttpServlet.java:655)
	at org.springframework.web.servlet.FrameworkServlet.service(FrameworkServlet.java:883)
	at javax.servlet.http.HttpServlet.service(HttpServlet.java:764)
	at org.apache.catalina.core.ApplicationFilterChain.internalDoFilter(ApplicationFilterChain.java:227)
	at org.apache.catalina.core.ApplicationFilterChain.doFilter(ApplicationFilterChain.java:162)
	at org.apache.tomcat.websocket.server.WsFilter.doFilter(WsFilter.java:53)
	at org.apache.catalina.core.ApplicationFilterChain.internalDoFilter(ApplicationFilterChain.java:189)
	at org.apache.catalina.core.ApplicationFilterChain.doFilter(ApplicationFilterChain.java:162)
	at org.springframework.web.filter.RequestContextFilter.doFilterInternal(RequestContextFilter.java:100)
	at org.springframework.web.filter.OncePerRequestFilter.doFilter(OncePerRequestFilter.java:117)
	at org.apache.catalina.core.ApplicationFilterChain.internalDoFilter(ApplicationFilterChain.java:189)
	at org.apache.catalina.core.ApplicationFilterChain.doFilter(ApplicationFilterChain.java:162)
	at org.springframework.web.filter.FormContentFilter.doFilterInternal(FormContentFilter.java:93)
	at org.springframework.web.filter.OncePerRequestFilter.doFilter(OncePerRequestFilter.java:117)
	at org.apache.catalina.core.ApplicationFilterChain.internalDoFilter(ApplicationFilterChain.java:189)
	at org.apache.catalina.core.ApplicationFilterChain.doFilter(ApplicationFilterChain.java:162)
	at org.springframework.boot.actuate.metrics.web.servlet.WebMvcMetricsFilter.doFilterInternal(WebMvcMetricsFilter.java:96)
	at org.springframework.web.filter.OncePerRequestFilter.doFilter(OncePerRequestFilter.java:117)
	at org.apache.catalina.core.ApplicationFilterChain.internalDoFilter(ApplicationFilterChain.java:189)
	at org.apache.catalina.core.ApplicationFilterChain.doFilter(ApplicationFilterChain.java:162)
	at org.springframework.web.filter.CharacterEncodingFilter.doFilterInternal(CharacterEncodingFilter.java:201)
	at org.springframework.web.filter.OncePerRequestFilter.doFilter(OncePerRequestFilter.java:117)
	at org.apache.catalina.core.ApplicationFilterChain.internalDoFilter(ApplicationFilterChain.java:189)
	at org.apache.catalina.core.ApplicationFilterChain.doFilter(ApplicationFilterChain.java:162)
	at org.apache.catalina.core.StandardWrapperValve.invoke(StandardWrapperValve.java:197)
	at org.apache.catalina.core.StandardContextValve.invoke(StandardContextValve.java:97)
	at org.apache.catalina.authenticator.AuthenticatorBase.invoke(AuthenticatorBase.java:541)
	at org.apache.catalina.core.StandardHostValve.invoke(StandardHostValve.java:135)
	at org.apache.catalina.valves.ErrorReportValve.invoke(ErrorReportValve.java:92)
	at org.apache.catalina.core.StandardEngineValve.invoke(StandardEngineValve.java:78)
	at org.apache.catalina.connector.CoyoteAdapter.service(CoyoteAdapter.java:360)
	at org.apache.coyote.http11.Http11Processor.service(Http11Processor.java:399)
	at org.apache.coyote.AbstractProcessorLight.process(AbstractProcessorLight.java:65)
	at org.apache.coyote.AbstractProtocol$ConnectionHandler.process(AbstractProtocol.java:889)
	at org.apache.tomcat.util.net.NioEndpoint$SocketProcessor.doRun(NioEndpoint.java:1743)
	at org.apache.tomcat.util.net.SocketProcessorBase.run(SocketProcessorBase.java:49)
	at org.apache.tomcat.util.threads.ThreadPoolExecutor.runWorker(ThreadPoolExecutor.java:1191)
	at org.apache.tomcat.util.threads.ThreadPoolExecutor$Worker.run(ThreadPoolExecutor.java:659)
	at org.apache.tomcat.util.threads.TaskThread$WrappingRunnable.run(TaskThread.java:61)
	at java.lang.Thread.run(Thread.java:750)
2022-04-11 12:42:54,235 WARN org.springframework.boot.autoconfigure.orm.jpa.JpaBaseConfiguration$JpaWebConfiguration [main] spring.jpa.open-in-view is enabled by default. Therefore, database queries may be performed during view rendering. Explicitly configure spring.jpa.open-in-view to disable this warning
2022-04-11 12:43:01,429 ERROR org.apache.juli.logging.DirectJDKLog [http-nio-8080-exec-4] Servlet.service() for servlet [dispatcherServlet] in context with path [] threw exception [Request processing failed; nested exception is org.springframework.web.client.ResourceAccessException: I/O error on GET request for "http://localhost:8082/departments/1": Connection refused: connect; nested exception is java.net.ConnectException: Connection refused: connect] with root cause
java.net.ConnectException: Connection refused: connect
	at java.net.DualStackPlainSocketImpl.connect0(Native Method)
	at java.net.DualStackPlainSocketImpl.socketConnect(DualStackPlainSocketImpl.java:79)
	at java.net.AbstractPlainSocketImpl.doConnect(AbstractPlainSocketImpl.java:350)
	at java.net.AbstractPlainSocketImpl.connectToAddress(AbstractPlainSocketImpl.java:206)
	at java.net.AbstractPlainSocketImpl.connect(AbstractPlainSocketImpl.java:188)
	at java.net.PlainSocketImpl.connect(PlainSocketImpl.java:172)
	at java.net.SocksSocketImpl.connect(SocksSocketImpl.java:392)
	at java.net.Socket.connect(Socket.java:607)
	at java.net.Socket.connect(Socket.java:556)
	at sun.net.NetworkClient.doConnect(NetworkClient.java:180)
	at sun.net.www.http.HttpClient.openServer(HttpClient.java:463)
	at sun.net.www.http.HttpClient.openServer(HttpClient.java:558)
	at sun.net.www.http.HttpClient.<init>(HttpClient.java:242)
	at sun.net.www.http.HttpClient.New(HttpClient.java:339)
	at sun.net.www.http.HttpClient.New(HttpClient.java:357)
	at sun.net.www.protocol.http.HttpURLConnection.getNewHttpClient(HttpURLConnection.java:1228)
	at sun.net.www.protocol.http.HttpURLConnection.plainConnect0(HttpURLConnection.java:1162)
	at sun.net.www.protocol.http.HttpURLConnection.plainConnect(HttpURLConnection.java:1056)
	at sun.net.www.protocol.http.HttpURLConnection.connect(HttpURLConnection.java:990)
	at org.springframework.http.client.SimpleBufferingClientHttpRequest.executeInternal(SimpleBufferingClientHttpRequest.java:76)
	at org.springframework.http.client.AbstractBufferingClientHttpRequest.executeInternal(AbstractBufferingClientHttpRequest.java:48)
	at org.springframework.http.client.AbstractClientHttpRequest.execute(AbstractClientHttpRequest.java:66)
	at org.springframework.web.client.RestTemplate.doExecute(RestTemplate.java:776)
	at org.springframework.web.client.RestTemplate.execute(RestTemplate.java:711)
	at org.springframework.web.client.RestTemplate.getForObject(RestTemplate.java:334)
	at com.godeltech.mastery.employeeservice.service.impl.EmployeeServiceImpl.lambda$getEmployees$0(EmployeeServiceImpl.java:46)
	at java.util.stream.ReferencePipeline$3$1.accept(ReferencePipeline.java:193)
	at java.util.ArrayList$ArrayListSpliterator.forEachRemaining(ArrayList.java:1384)
	at java.util.stream.AbstractPipeline.copyInto(AbstractPipeline.java:482)
	at java.util.stream.AbstractPipeline.wrapAndCopyInto(AbstractPipeline.java:472)
	at java.util.stream.ReduceOps$ReduceOp.evaluateSequential(ReduceOps.java:708)
	at java.util.stream.AbstractPipeline.evaluate(AbstractPipeline.java:234)
	at java.util.stream.ReferencePipeline.collect(ReferencePipeline.java:566)
	at com.godeltech.mastery.employeeservice.service.impl.EmployeeServiceImpl.getEmployees(EmployeeServiceImpl.java:50)
	at java.util.Optional.orElseGet(Optional.java:267)
	at com.godeltech.mastery.employeeservice.controller.EmployeeController.getEmployees(EmployeeController.java:57)
	at com.godeltech.mastery.employeeservice.controller.EmployeeController$$FastClassBySpringCGLIB$$71b1f47c.invoke(<generated>)
	at org.springframework.cglib.proxy.MethodProxy.invoke(MethodProxy.java:218)
	at org.springframework.aop.framework.CglibAopProxy$CglibMethodInvocation.invokeJoinpoint(CglibAopProxy.java:783)
	at org.springframework.aop.framework.ReflectiveMethodInvocation.proceed(ReflectiveMethodInvocation.java:163)
	at org.springframework.aop.framework.CglibAopProxy$CglibMethodInvocation.proceed(CglibAopProxy.java:753)
	at org.springframework.validation.beanvalidation.MethodValidationInterceptor.invoke(MethodValidationInterceptor.java:123)
	at org.springframework.aop.framework.ReflectiveMethodInvocation.proceed(ReflectiveMethodInvocation.java:186)
	at org.springframework.aop.framework.CglibAopProxy$CglibMethodInvocation.proceed(CglibAopProxy.java:753)
	at org.springframework.aop.framework.CglibAopProxy$DynamicAdvisedInterceptor.intercept(CglibAopProxy.java:698)
	at com.godeltech.mastery.employeeservice.controller.EmployeeController$$EnhancerBySpringCGLIB$$9088ca1a.getEmployees(<generated>)
	at sun.reflect.NativeMethodAccessorImpl.invoke0(Native Method)
	at sun.reflect.NativeMethodAccessorImpl.invoke(NativeMethodAccessorImpl.java:62)
	at sun.reflect.DelegatingMethodAccessorImpl.invoke(DelegatingMethodAccessorImpl.java:43)
	at java.lang.reflect.Method.invoke(Method.java:498)
	at org.springframework.web.method.support.InvocableHandlerMethod.doInvoke(InvocableHandlerMethod.java:205)
	at org.springframework.web.method.support.InvocableHandlerMethod.invokeForRequest(InvocableHandlerMethod.java:150)
	at org.springframework.web.servlet.mvc.method.annotation.ServletInvocableHandlerMethod.invokeAndHandle(ServletInvocableHandlerMethod.java:117)
	at org.springframework.web.servlet.mvc.method.annotation.RequestMappingHandlerAdapter.invokeHandlerMethod(RequestMappingHandlerAdapter.java:895)
	at org.springframework.web.servlet.mvc.method.annotation.RequestMappingHandlerAdapter.handleInternal(RequestMappingHandlerAdapter.java:808)
	at org.springframework.web.servlet.mvc.method.AbstractHandlerMethodAdapter.handle(AbstractHandlerMethodAdapter.java:87)
	at org.springframework.web.servlet.DispatcherServlet.doDispatch(DispatcherServlet.java:1067)
	at org.springframework.web.servlet.DispatcherServlet.doService(DispatcherServlet.java:963)
	at org.springframework.web.servlet.FrameworkServlet.processRequest(FrameworkServlet.java:1006)
	at org.springframework.web.servlet.FrameworkServlet.doGet(FrameworkServlet.java:898)
	at javax.servlet.http.HttpServlet.service(HttpServlet.java:655)
	at org.springframework.web.servlet.FrameworkServlet.service(FrameworkServlet.java:883)
	at javax.servlet.http.HttpServlet.service(HttpServlet.java:764)
	at org.apache.catalina.core.ApplicationFilterChain.internalDoFilter(ApplicationFilterChain.java:227)
	at org.apache.catalina.core.ApplicationFilterChain.doFilter(ApplicationFilterChain.java:162)
	at org.apache.tomcat.websocket.server.WsFilter.doFilter(WsFilter.java:53)
	at org.apache.catalina.core.ApplicationFilterChain.internalDoFilter(ApplicationFilterChain.java:189)
	at org.apache.catalina.core.ApplicationFilterChain.doFilter(ApplicationFilterChain.java:162)
	at org.springframework.web.filter.RequestContextFilter.doFilterInternal(RequestContextFilter.java:100)
	at org.springframework.web.filter.OncePerRequestFilter.doFilter(OncePerRequestFilter.java:117)
	at org.apache.catalina.core.ApplicationFilterChain.internalDoFilter(ApplicationFilterChain.java:189)
	at org.apache.catalina.core.ApplicationFilterChain.doFilter(ApplicationFilterChain.java:162)
	at org.springframework.web.filter.FormContentFilter.doFilterInternal(FormContentFilter.java:93)
	at org.springframework.web.filter.OncePerRequestFilter.doFilter(OncePerRequestFilter.java:117)
	at org.apache.catalina.core.ApplicationFilterChain.internalDoFilter(ApplicationFilterChain.java:189)
	at org.apache.catalina.core.ApplicationFilterChain.doFilter(ApplicationFilterChain.java:162)
	at org.springframework.boot.actuate.metrics.web.servlet.WebMvcMetricsFilter.doFilterInternal(WebMvcMetricsFilter.java:96)
	at org.springframework.web.filter.OncePerRequestFilter.doFilter(OncePerRequestFilter.java:117)
	at org.apache.catalina.core.ApplicationFilterChain.internalDoFilter(ApplicationFilterChain.java:189)
	at org.apache.catalina.core.ApplicationFilterChain.doFilter(ApplicationFilterChain.java:162)
	at org.springframework.web.filter.CharacterEncodingFilter.doFilterInternal(CharacterEncodingFilter.java:201)
	at org.springframework.web.filter.OncePerRequestFilter.doFilter(OncePerRequestFilter.java:117)
	at org.apache.catalina.core.ApplicationFilterChain.internalDoFilter(ApplicationFilterChain.java:189)
	at org.apache.catalina.core.ApplicationFilterChain.doFilter(ApplicationFilterChain.java:162)
	at org.apache.catalina.core.StandardWrapperValve.invoke(StandardWrapperValve.java:197)
	at org.apache.catalina.core.StandardContextValve.invoke(StandardContextValve.java:97)
	at org.apache.catalina.authenticator.AuthenticatorBase.invoke(AuthenticatorBase.java:541)
	at org.apache.catalina.core.StandardHostValve.invoke(StandardHostValve.java:135)
	at org.apache.catalina.valves.ErrorReportValve.invoke(ErrorReportValve.java:92)
	at org.apache.catalina.core.StandardEngineValve.invoke(StandardEngineValve.java:78)
	at org.apache.catalina.connector.CoyoteAdapter.service(CoyoteAdapter.java:360)
	at org.apache.coyote.http11.Http11Processor.service(Http11Processor.java:399)
	at org.apache.coyote.AbstractProcessorLight.process(AbstractProcessorLight.java:65)
	at org.apache.coyote.AbstractProtocol$ConnectionHandler.process(AbstractProtocol.java:889)
	at org.apache.tomcat.util.net.NioEndpoint$SocketProcessor.doRun(NioEndpoint.java:1743)
	at org.apache.tomcat.util.net.SocketProcessorBase.run(SocketProcessorBase.java:49)
	at org.apache.tomcat.util.threads.ThreadPoolExecutor.runWorker(ThreadPoolExecutor.java:1191)
	at org.apache.tomcat.util.threads.ThreadPoolExecutor$Worker.run(ThreadPoolExecutor.java:659)
	at org.apache.tomcat.util.threads.TaskThread$WrappingRunnable.run(TaskThread.java:61)
	at java.lang.Thread.run(Thread.java:750)
2022-04-11 13:02:19,123 WARN org.springframework.boot.autoconfigure.orm.jpa.JpaBaseConfiguration$JpaWebConfiguration [main] spring.jpa.open-in-view is enabled by default. Therefore, database queries may be performed during view rendering. Explicitly configure spring.jpa.open-in-view to disable this warning
2022-04-11 13:04:28,165 WARN org.springframework.boot.autoconfigure.orm.jpa.JpaBaseConfiguration$JpaWebConfiguration [main] spring.jpa.open-in-view is enabled by default. Therefore, database queries may be performed during view rendering. Explicitly configure spring.jpa.open-in-view to disable this warning
2022-04-11 13:04:54,304 ERROR org.apache.juli.logging.DirectJDKLog [http-nio-8080-exec-3] Servlet.service() for servlet [dispatcherServlet] in context with path [] threw exception [Request processing failed; nested exception is org.springframework.web.client.HttpServerErrorException$InternalServerError: 500 : "{"timestamp":"2022-04-11T10:04:54.293+00:00","status":500,"error":"Internal Server Error","path":"/departments/10"}"] with root cause
org.springframework.web.client.HttpServerErrorException$InternalServerError: 500 : "{"timestamp":"2022-04-11T10:04:54.293+00:00","status":500,"error":"Internal Server Error","path":"/departments/10"}"
	at org.springframework.web.client.HttpServerErrorException.create(HttpServerErrorException.java:100)
	at org.springframework.web.client.DefaultResponseErrorHandler.handleError(DefaultResponseErrorHandler.java:170)
	at org.springframework.web.client.DefaultResponseErrorHandler.handleError(DefaultResponseErrorHandler.java:122)
	at org.springframework.web.client.ResponseErrorHandler.handleError(ResponseErrorHandler.java:63)
	at org.springframework.web.client.RestTemplate.handleResponse(RestTemplate.java:819)
	at org.springframework.web.client.RestTemplate.doExecute(RestTemplate.java:777)
	at org.springframework.web.client.RestTemplate.execute(RestTemplate.java:711)
	at org.springframework.web.client.RestTemplate.getForObject(RestTemplate.java:334)
	at com.godeltech.mastery.employeeservice.service.impl.EmployeeServiceImpl.checkExistingDepartment(EmployeeServiceImpl.java:75)
	at com.godeltech.mastery.employeeservice.service.impl.EmployeeServiceImpl.save(EmployeeServiceImpl.java:67)
	at com.godeltech.mastery.employeeservice.controller.EmployeeController.saveEmployee(EmployeeController.java:99)
	at com.godeltech.mastery.employeeservice.controller.EmployeeController$$FastClassBySpringCGLIB$$71b1f47c.invoke(<generated>)
	at org.springframework.cglib.proxy.MethodProxy.invoke(MethodProxy.java:218)
	at org.springframework.aop.framework.CglibAopProxy$CglibMethodInvocation.invokeJoinpoint(CglibAopProxy.java:783)
	at org.springframework.aop.framework.ReflectiveMethodInvocation.proceed(ReflectiveMethodInvocation.java:163)
	at org.springframework.aop.framework.CglibAopProxy$CglibMethodInvocation.proceed(CglibAopProxy.java:753)
	at org.springframework.validation.beanvalidation.MethodValidationInterceptor.invoke(MethodValidationInterceptor.java:123)
	at org.springframework.aop.framework.ReflectiveMethodInvocation.proceed(ReflectiveMethodInvocation.java:186)
	at org.springframework.aop.framework.CglibAopProxy$CglibMethodInvocation.proceed(CglibAopProxy.java:753)
	at org.springframework.aop.framework.CglibAopProxy$DynamicAdvisedInterceptor.intercept(CglibAopProxy.java:698)
	at com.godeltech.mastery.employeeservice.controller.EmployeeController$$EnhancerBySpringCGLIB$$fbd00ddc.saveEmployee(<generated>)
	at sun.reflect.NativeMethodAccessorImpl.invoke0(Native Method)
	at sun.reflect.NativeMethodAccessorImpl.invoke(NativeMethodAccessorImpl.java:62)
	at sun.reflect.DelegatingMethodAccessorImpl.invoke(DelegatingMethodAccessorImpl.java:43)
	at java.lang.reflect.Method.invoke(Method.java:498)
	at org.springframework.web.method.support.InvocableHandlerMethod.doInvoke(InvocableHandlerMethod.java:205)
	at org.springframework.web.method.support.InvocableHandlerMethod.invokeForRequest(InvocableHandlerMethod.java:150)
	at org.springframework.web.servlet.mvc.method.annotation.ServletInvocableHandlerMethod.invokeAndHandle(ServletInvocableHandlerMethod.java:117)
	at org.springframework.web.servlet.mvc.method.annotation.RequestMappingHandlerAdapter.invokeHandlerMethod(RequestMappingHandlerAdapter.java:895)
	at org.springframework.web.servlet.mvc.method.annotation.RequestMappingHandlerAdapter.handleInternal(RequestMappingHandlerAdapter.java:808)
	at org.springframework.web.servlet.mvc.method.AbstractHandlerMethodAdapter.handle(AbstractHandlerMethodAdapter.java:87)
	at org.springframework.web.servlet.DispatcherServlet.doDispatch(DispatcherServlet.java:1067)
	at org.springframework.web.servlet.DispatcherServlet.doService(DispatcherServlet.java:963)
	at org.springframework.web.servlet.FrameworkServlet.processRequest(FrameworkServlet.java:1006)
	at org.springframework.web.servlet.FrameworkServlet.doPost(FrameworkServlet.java:909)
	at javax.servlet.http.HttpServlet.service(HttpServlet.java:681)
	at org.springframework.web.servlet.FrameworkServlet.service(FrameworkServlet.java:883)
	at javax.servlet.http.HttpServlet.service(HttpServlet.java:764)
	at org.apache.catalina.core.ApplicationFilterChain.internalDoFilter(ApplicationFilterChain.java:227)
	at org.apache.catalina.core.ApplicationFilterChain.doFilter(ApplicationFilterChain.java:162)
	at org.apache.tomcat.websocket.server.WsFilter.doFilter(WsFilter.java:53)
	at org.apache.catalina.core.ApplicationFilterChain.internalDoFilter(ApplicationFilterChain.java:189)
	at org.apache.catalina.core.ApplicationFilterChain.doFilter(ApplicationFilterChain.java:162)
	at org.springframework.web.filter.RequestContextFilter.doFilterInternal(RequestContextFilter.java:100)
	at org.springframework.web.filter.OncePerRequestFilter.doFilter(OncePerRequestFilter.java:117)
	at org.apache.catalina.core.ApplicationFilterChain.internalDoFilter(ApplicationFilterChain.java:189)
	at org.apache.catalina.core.ApplicationFilterChain.doFilter(ApplicationFilterChain.java:162)
	at org.springframework.web.filter.FormContentFilter.doFilterInternal(FormContentFilter.java:93)
	at org.springframework.web.filter.OncePerRequestFilter.doFilter(OncePerRequestFilter.java:117)
	at org.apache.catalina.core.ApplicationFilterChain.internalDoFilter(ApplicationFilterChain.java:189)
	at org.apache.catalina.core.ApplicationFilterChain.doFilter(ApplicationFilterChain.java:162)
	at org.springframework.boot.actuate.metrics.web.servlet.WebMvcMetricsFilter.doFilterInternal(WebMvcMetricsFilter.java:96)
	at org.springframework.web.filter.OncePerRequestFilter.doFilter(OncePerRequestFilter.java:117)
	at org.apache.catalina.core.ApplicationFilterChain.internalDoFilter(ApplicationFilterChain.java:189)
	at org.apache.catalina.core.ApplicationFilterChain.doFilter(ApplicationFilterChain.java:162)
	at org.springframework.web.filter.CharacterEncodingFilter.doFilterInternal(CharacterEncodingFilter.java:201)
	at org.springframework.web.filter.OncePerRequestFilter.doFilter(OncePerRequestFilter.java:117)
	at org.apache.catalina.core.ApplicationFilterChain.internalDoFilter(ApplicationFilterChain.java:189)
	at org.apache.catalina.core.ApplicationFilterChain.doFilter(ApplicationFilterChain.java:162)
	at org.apache.catalina.core.StandardWrapperValve.invoke(StandardWrapperValve.java:197)
	at org.apache.catalina.core.StandardContextValve.invoke(StandardContextValve.java:97)
	at org.apache.catalina.authenticator.AuthenticatorBase.invoke(AuthenticatorBase.java:541)
	at org.apache.catalina.core.StandardHostValve.invoke(StandardHostValve.java:135)
	at org.apache.catalina.valves.ErrorReportValve.invoke(ErrorReportValve.java:92)
	at org.apache.catalina.core.StandardEngineValve.invoke(StandardEngineValve.java:78)
	at org.apache.catalina.connector.CoyoteAdapter.service(CoyoteAdapter.java:360)
	at org.apache.coyote.http11.Http11Processor.service(Http11Processor.java:399)
	at org.apache.coyote.AbstractProcessorLight.process(AbstractProcessorLight.java:65)
	at org.apache.coyote.AbstractProtocol$ConnectionHandler.process(AbstractProtocol.java:889)
	at org.apache.tomcat.util.net.NioEndpoint$SocketProcessor.doRun(NioEndpoint.java:1743)
	at org.apache.tomcat.util.net.SocketProcessorBase.run(SocketProcessorBase.java:49)
	at org.apache.tomcat.util.threads.ThreadPoolExecutor.runWorker(ThreadPoolExecutor.java:1191)
	at org.apache.tomcat.util.threads.ThreadPoolExecutor$Worker.run(ThreadPoolExecutor.java:659)
	at org.apache.tomcat.util.threads.TaskThread$WrappingRunnable.run(TaskThread.java:61)
	at java.lang.Thread.run(Thread.java:750)
2022-04-11 13:06:53,140 ERROR com.godeltech.mastery.employeeservice.service.impl.EmployeeServiceImpl [http-nio-8080-exec-5] Department with id =10 was not found
2022-04-11 13:06:53,141 ERROR com.godeltech.mastery.employeeservice.handling.ApiExceptionHandler [http-nio-8080-exec-5] The ResourceNotFoundException.There is no entity in database : DepartmentDtoResponse wasn't found by departmentId=10 and url of request : http://localhost:8080/employees
2022-04-11 14:02:54,010 WARN org.springframework.boot.autoconfigure.orm.jpa.JpaBaseConfiguration$JpaWebConfiguration [main] spring.jpa.open-in-view is enabled by default. Therefore, database queries may be performed during view rendering. Explicitly configure spring.jpa.open-in-view to disable this warning
2022-04-11 14:48:44,137 WARN org.springframework.context.support.AbstractApplicationContext [main] Exception encountered during context initialization - cancelling refresh attempt: org.springframework.beans.factory.UnsatisfiedDependencyException: Error creating bean with name 'employeeController' defined in file [C:\Users\a.miachyn\IdeaProjects\employment-service\employee-service\target\classes\com\godeltech\mastery\employeeservice\controller\EmployeeController.class]: Unsatisfied dependency expressed through constructor parameter 0; nested exception is org.springframework.beans.factory.UnsatisfiedDependencyException: Error creating bean with name 'employeeServiceImpl' defined in file [C:\Users\a.miachyn\IdeaProjects\employment-service\employee-service\target\classes\com\godeltech\mastery\employeeservice\service\impl\EmployeeServiceImpl.class]: Unsatisfied dependency expressed through constructor parameter 4; nested exception is org.springframework.beans.factory.NoSuchBeanDefinitionException: No qualifying bean of type 'com.godeltech.mastery.employeeservice.clients.feign.DepartmentFeignClient' available: expected at least 1 bean which qualifies as autowire candidate. Dependency annotations: {}
2022-04-11 14:48:44,178 ERROR org.springframework.boot.diagnostics.LoggingFailureAnalysisReporter [main] 

***************************
APPLICATION FAILED TO START
***************************

Description:

Parameter 4 of constructor in com.godeltech.mastery.employeeservice.service.impl.EmployeeServiceImpl required a bean of type 'com.godeltech.mastery.employeeservice.clients.feign.DepartmentFeignClient' that could not be found.


Action:

Consider defining a bean of type 'com.godeltech.mastery.employeeservice.clients.feign.DepartmentFeignClient' in your configuration.

2022-04-11 14:50:11,261 WARN org.springframework.context.support.AbstractApplicationContext [main] Exception encountered during context initialization - cancelling refresh attempt: org.springframework.beans.factory.UnsatisfiedDependencyException: Error creating bean with name 'employeeController' defined in file [C:\Users\a.miachyn\IdeaProjects\employment-service\employee-service\target\classes\com\godeltech\mastery\employeeservice\controller\EmployeeController.class]: Unsatisfied dependency expressed through constructor parameter 0; nested exception is org.springframework.beans.factory.UnsatisfiedDependencyException: Error creating bean with name 'employeeServiceImpl' defined in file [C:\Users\a.miachyn\IdeaProjects\employment-service\employee-service\target\classes\com\godeltech\mastery\employeeservice\service\impl\EmployeeServiceImpl.class]: Unsatisfied dependency expressed through constructor parameter 4; nested exception is org.springframework.beans.factory.NoSuchBeanDefinitionException: No qualifying bean of type 'com.godeltech.mastery.employeeservice.clients.feign.DepartmentFeignClient' available: expected at least 1 bean which qualifies as autowire candidate. Dependency annotations: {}
2022-04-11 14:50:11,306 ERROR org.springframework.boot.diagnostics.LoggingFailureAnalysisReporter [main] 

***************************
APPLICATION FAILED TO START
***************************

Description:

Parameter 4 of constructor in com.godeltech.mastery.employeeservice.service.impl.EmployeeServiceImpl required a bean of type 'com.godeltech.mastery.employeeservice.clients.feign.DepartmentFeignClient' that could not be found.


Action:

Consider defining a bean of type 'com.godeltech.mastery.employeeservice.clients.feign.DepartmentFeignClient' in your configuration.

2022-04-11 14:53:43,313 WARN org.springframework.context.support.AbstractApplicationContext [main] Exception encountered during context initialization - cancelling refresh attempt: org.springframework.beans.factory.UnsatisfiedDependencyException: Error creating bean with name 'employeeController' defined in file [C:\Users\a.miachyn\IdeaProjects\employment-service\employee-service\target\classes\com\godeltech\mastery\employeeservice\controller\EmployeeController.class]: Unsatisfied dependency expressed through constructor parameter 0; nested exception is org.springframework.beans.factory.UnsatisfiedDependencyException: Error creating bean with name 'employeeServiceImpl' defined in file [C:\Users\a.miachyn\IdeaProjects\employment-service\employee-service\target\classes\com\godeltech\mastery\employeeservice\service\impl\EmployeeServiceImpl.class]: Unsatisfied dependency expressed through constructor parameter 4; nested exception is org.springframework.beans.factory.NoSuchBeanDefinitionException: No qualifying bean of type 'com.godeltech.mastery.employeeservice.clients.feign.DepartmentFeignClient' available: expected at least 1 bean which qualifies as autowire candidate. Dependency annotations: {}
2022-04-11 14:53:43,348 ERROR org.springframework.boot.diagnostics.LoggingFailureAnalysisReporter [main] 

***************************
APPLICATION FAILED TO START
***************************

Description:

Parameter 4 of constructor in com.godeltech.mastery.employeeservice.service.impl.EmployeeServiceImpl required a bean of type 'com.godeltech.mastery.employeeservice.clients.feign.DepartmentFeignClient' that could not be found.


Action:

Consider defining a bean of type 'com.godeltech.mastery.employeeservice.clients.feign.DepartmentFeignClient' in your configuration.

2022-04-11 14:57:22,629 WARN org.springframework.boot.autoconfigure.orm.jpa.JpaBaseConfiguration$JpaWebConfiguration [main] spring.jpa.open-in-view is enabled by default. Therefore, database queries may be performed during view rendering. Explicitly configure spring.jpa.open-in-view to disable this warning
2022-04-11 14:58:04,178 WARN org.springframework.boot.autoconfigure.orm.jpa.JpaBaseConfiguration$JpaWebConfiguration [main] spring.jpa.open-in-view is enabled by default. Therefore, database queries may be performed during view rendering. Explicitly configure spring.jpa.open-in-view to disable this warning
2022-04-11 14:58:57,909 WARN com.zaxxer.hikari.pool.HikariPool$HouseKeeper [HikariPool-1 housekeeper] HikariPool-1 - Thread starvation or clock leap detected (housekeeper delta=55s256ms243s200ns).
2022-04-11 15:16:00,222 WARN com.zaxxer.hikari.pool.HikariPool$HouseKeeper [HikariPool-1 housekeeper] HikariPool-1 - Thread starvation or clock leap detected (housekeeper delta=16m56s273ms876s800ns).
2022-04-11 15:16:06,502 WARN org.springframework.context.support.AbstractApplicationContext [main] Exception encountered during context initialization - cancelling refresh attempt: org.springframework.beans.factory.UnsatisfiedDependencyException: Error creating bean with name 'employeeController' defined in file [C:\Users\a.miachyn\IdeaProjects\employment-service\employee-service\target\classes\com\godeltech\mastery\employeeservice\controller\EmployeeController.class]: Unsatisfied dependency expressed through constructor parameter 0; nested exception is org.springframework.beans.factory.UnsatisfiedDependencyException: Error creating bean with name 'employeeServiceImpl' defined in file [C:\Users\a.miachyn\IdeaProjects\employment-service\employee-service\target\classes\com\godeltech\mastery\employeeservice\service\impl\EmployeeServiceImpl.class]: Unsatisfied dependency expressed through constructor parameter 4; nested exception is org.springframework.beans.factory.NoSuchBeanDefinitionException: No qualifying bean of type 'com.godeltech.mastery.employeeservice.clients.feign.DepartmentFeignClient' available: expected at least 1 bean which qualifies as autowire candidate. Dependency annotations: {}
2022-04-11 15:16:06,545 ERROR org.springframework.boot.diagnostics.LoggingFailureAnalysisReporter [main] 

***************************
APPLICATION FAILED TO START
***************************

Description:

Parameter 4 of constructor in com.godeltech.mastery.employeeservice.service.impl.EmployeeServiceImpl required a bean of type 'com.godeltech.mastery.employeeservice.clients.feign.DepartmentFeignClient' that could not be found.


Action:

Consider defining a bean of type 'com.godeltech.mastery.employeeservice.clients.feign.DepartmentFeignClient' in your configuration.

2022-04-11 15:16:54,515 WARN org.springframework.boot.autoconfigure.orm.jpa.JpaBaseConfiguration$JpaWebConfiguration [main] spring.jpa.open-in-view is enabled by default. Therefore, database queries may be performed during view rendering. Explicitly configure spring.jpa.open-in-view to disable this warning
2022-04-11 15:31:30,670 WARN com.zaxxer.hikari.pool.HikariPool$HouseKeeper [HikariPool-1 housekeeper] HikariPool-1 - Thread starvation or clock leap detected (housekeeper delta=14m37s676ms561s600ns).
2022-04-11 15:31:32,891 ERROR com.godeltech.mastery.employeeservice.handling.ApiExceptionHandler [http-nio-8080-exec-2] The ResourceAccessException. Wrong parameters :I/O error on GET request for "http://localhost:8082/departments/1": Connection refused: connect; nested exception is java.net.ConnectException: Connection refused: connect and url of request: http://localhost:8080/employees 
